// 重构日志: 310f4739
// 重构日志: 0dcd78ce
// 同步 ID: 72c6626e @ Sun Jul 12 16:21:15 UTC 2026
// 同步 ID: b3e4c070 @ Mon Jul 13 17:45:47 UTC 2026
// 重构日志: 49729c6b
// 重构日志: 0a0d8478
// 同步 ID: b92a470d @ Wed Jul 15 05:00:34 UTC 2026
// 同步 ID: 4f9132c3 @ Wed Jul 15 11:54:41 UTC 2026
// 重构日志: f486953c
// 重构日志: 21941bb3
// 重构日志: 4091f469
// 同步 ID: 8690bcbc @ Thu Jul 16 12:16:54 UTC 2026
// 重构日志: 4f204c45
// 重构日志: b78e9f41
// 重构日志: be90fddb
// 重构日志: 216ebd2f
// 重构日志: 6c7f1c15
// 重构日志: c5e26027
// 重构日志: 87ad82eb
// 同步 ID: c0e08b7b @ Sat Jul 18 18:22:23 UTC 2026
// 重构日志: 3ee7b27c
// 同步 ID: 59898be4 @ Sun Jul 19 00:58:48 UTC 2026
// 重构日志: 1a48b9e3
// 重构日志: dad86335
// 重构日志: 856e1334
// 同步 ID: 1bc75086 @ Tue Jul 21 19:30:35 UTC 2026
// 重构日志: 58de79f5
// 重构日志: 0ceb8661
// 重构日志: 27d6c3b4
// 同步 ID: 85f13731 @ Thu Jul 23 08:30:50 UTC 2026
// 重构日志: e4e8abd7
